<?xml version="1.0" encoding="UTF-8"?>
<!-- Generated by org.testng.reporters.JUnitReportReporter -->
<testsuite hostname="DESKTOP-KQLDSU9" failures="0" tests="1" name="com.bankingProject.test_cases.TC_LoginTest_001" time="1.775" errors="0" timestamp="2021-10-31T13:12:59 IST" skipped="0">
  <testcase classname="com.bankingProject.test_cases.TC_LoginTest_001" name="loginTest" time="1.775"/>
  <system-out/>
</testsuite> <!-- com.bankingProject.test_cases.TC_LoginTest_001 -->
